\BOOKMARK [1][-]{section.1}{\376\377\000E\000x\000e\000c\000u\000t\000i\000v\000e\000\040\000s\000u\000m\000m\000a\000r\000y}{}% 1
\BOOKMARK [2][-]{subsection.1.1}{\376\377\000E\000t\000h\000i\000c\000a\000l\000\040\000f\000r\000a\000m\000i\000n\000g\000\040\000t\000h\000r\000o\000u\000g\000h\000\040\000A\000S\000M\000E\000\040\000C\000a\000n\000o\000n\000s}{section.1}% 2
\BOOKMARK [2][-]{subsection.1.2}{\376\377\000C\000o\000n\000c\000r\000e\000t\000e\000\040\000n\000e\000x\000t\000\040\000s\000t\000e\000p\000s\000\040\000\050\000a\000c\000t\000i\000o\000n\000a\000b\000l\000e\000\040\000r\000e\000f\000o\000r\000m\000s\000\051}{section.1}% 3
\BOOKMARK [3][-]{subsubsection.1.2.1}{\376\377\000T\000e\000c\000h\000n\000i\000c\000a\000l\000\040\000s\000a\000f\000e\000g\000u\000a\000r\000d\000s\000\040\000\050\000d\000e\000s\000i\000g\000n\000\040\000+\000\040\000v\000e\000r\000i\000f\000i\000c\000a\000t\000i\000o\000n\000\051}{subsection.1.2}% 4
\BOOKMARK [3][-]{subsubsection.1.2.2}{\376\377\000O\000r\000g\000a\000n\000i\000z\000a\000t\000i\000o\000n\000a\000l\000\040\000c\000o\000n\000t\000r\000o\000l\000s\000\040\000\050\000c\000u\000l\000t\000u\000r\000e\000\040\000+\000\040\000i\000n\000f\000o\000r\000m\000a\000t\000i\000o\000n\000\040\000i\000n\000t\000e\000g\000r\000i\000t\000y\000\051}{subsection.1.2}% 5
\BOOKMARK [3][-]{subsubsection.1.2.3}{\376\377\000I\000n\000s\000t\000i\000t\000u\000t\000i\000o\000n\000a\000l\000\040\000r\000e\000f\000o\000r\000m\000s\000\040\000\050\000o\000v\000e\000r\000s\000i\000g\000h\000t\000\040\000+\000\040\000t\000r\000a\000i\000n\000i\000n\000g\000\040\000g\000o\000v\000e\000r\000n\000a\000n\000c\000e\000\051}{subsection.1.2}% 6
\BOOKMARK [1][-]{section.2}{\376\377\000W\000h\000a\000t\000\040\000h\000a\000p\000p\000e\000n\000e\000d}{}% 7
\BOOKMARK [2][-]{subsection.2.1}{\376\377\000T\000h\000e\000\040\000a\000c\000c\000i\000d\000e\000n\000t\000\040\000p\000a\000i\000r\000\040\000a\000n\000d\000\040\000g\000r\000o\000u\000n\000d\000i\000n\000g\000\040\000t\000i\000m\000e\000l\000i\000n\000e}{section.2}% 8
\BOOKMARK [2][-]{subsection.2.2}{\376\377\000T\000h\000e\000\040\000i\000m\000m\000e\000d\000i\000a\000t\000e\000\040\000t\000e\000c\000h\000n\000i\000c\000a\000l\000\040\000s\000i\000g\000n\000a\000t\000u\000r\000e\000:\000\040\000e\000r\000r\000o\000n\000e\000o\000u\000s\000\040\000A\000o\000A\000\040\000a\000n\000d\000\040\000r\000e\000p\000e\000a\000t\000e\000d\000\040\000t\000r\000i\000m}{section.2}% 9
\BOOKMARK [1][-]{section.3}{\376\377\000W\000h\000y\000\040\000i\000t\000\040\000h\000a\000p\000p\000e\000n\000e\000d}{}% 10
\BOOKMARK [2][-]{subsection.3.1}{\376\377\000S\000a\000f\000e\000t\000y\000-\000c\000r\000i\000t\000i\000c\000a\000l\000\040\000a\000u\000t\000o\000m\000a\000t\000i\000o\000n\000\040\000b\000o\000u\000n\000d\000e\000d\000\040\000b\000y\000\040\000w\000e\000a\000k\000\040\000s\000e\000n\000s\000i\000n\000g\000\040\000a\000n\000d\000\040\000w\000e\000a\000k\000\040\000c\000r\000o\000s\000s\000-\000c\000h\000e\000c\000k\000i\000n\000g}{section.3}% 11
\BOOKMARK [2][-]{subsection.3.2}{\376\377\000H\000u\000m\000a\000n\000\040\000f\000a\000c\000t\000o\000r\000s\000\040\000a\000s\000s\000u\000m\000p\000t\000i\000o\000n\000s\000\040\000t\000r\000e\000a\000t\000e\000d\000\040\000a\000s\000\040\000a\000\040\000s\000u\000b\000s\000t\000i\000t\000u\000t\000e\000\040\000f\000o\000r\000\040\000t\000e\000c\000h\000n\000i\000c\000a\000l\000\040\000f\000a\000u\000l\000t\000\040\000t\000o\000l\000e\000r\000a\000n\000c\000e}{section.3}% 12
\BOOKMARK [2][-]{subsection.3.3}{\376\377\000V\000e\000r\000i\000f\000i\000c\000a\000t\000i\000o\000n\000\040\000a\000n\000d\000\040\000t\000e\000s\000t\000\040\000s\000c\000o\000p\000e\000\040\000t\000h\000a\000t\000\040\000d\000i\000d\000\040\000n\000o\000t\000\040\000m\000a\000t\000c\000h\000\040\000t\000h\000e\000\040\000w\000o\000r\000s\000t\000-\000c\000a\000s\000e\000\040\000d\000y\000n\000a\000m\000i\000c\000s}{section.3}% 13
\BOOKMARK [2][-]{subsection.3.4}{\376\377\000C\000e\000r\000t\000i\000f\000i\000c\000a\000t\000i\000o\000n\000\040\000a\000n\000d\000\040\000d\000e\000l\000e\000g\000a\000t\000i\000o\000n\000\040\000g\000a\000p\000s\000\040\000t\000h\000a\000t\000\040\000o\000b\000s\000c\000u\000r\000e\000d\000\040\000s\000y\000s\000t\000e\000m\000-\000l\000e\000v\000e\000l\000\040\000r\000i\000s\000k}{section.3}% 14
\BOOKMARK [2][-]{subsection.3.5}{\376\377\000I\000n\000f\000o\000r\000m\000a\000t\000i\000o\000n\000\040\000i\000n\000t\000e\000g\000r\000i\000t\000y\000\040\000f\000a\000i\000l\000u\000r\000e\000s\000\040\000t\000h\000a\000t\000\040\000d\000i\000s\000t\000o\000r\000t\000e\000d\000\040\000d\000o\000w\000n\000s\000t\000r\000e\000a\000m\000\040\000t\000r\000a\000i\000n\000i\000n\000g\000\040\000a\000n\000d\000\040\000d\000o\000c\000u\000m\000e\000n\000t\000a\000t\000i\000o\000n}{section.3}% 15
\BOOKMARK [2][-]{subsection.3.6}{\376\377\000G\000l\000o\000b\000a\000l\000\040\000d\000e\000p\000l\000o\000y\000m\000e\000n\000t\000\040\000a\000n\000d\000\040\000u\000n\000e\000v\000e\000n\000\040\000o\000p\000e\000r\000a\000t\000o\000r\000\040\000e\000n\000v\000i\000r\000o\000n\000m\000e\000n\000t\000s}{section.3}% 16
\BOOKMARK [1][-]{section.4}{\376\377\000E\000t\000h\000i\000c\000a\000l\000\040\000a\000n\000a\000l\000y\000s\000i\000s}{}% 17
\BOOKMARK [2][-]{subsection.4.1}{\376\377\000H\000o\000l\000d\000i\000n\000g\000\040\000p\000u\000b\000l\000i\000c\000\040\000s\000a\000f\000e\000t\000y\000\040\000p\000a\000r\000a\000m\000o\000u\000n\000t}{section.4}% 18
\BOOKMARK [2][-]{subsection.4.2}{\376\377\000R\000e\000s\000p\000o\000n\000s\000i\000b\000i\000l\000i\000t\000y\000\040\000i\000n\000\040\000a\000\040\000d\000i\000s\000t\000r\000i\000b\000u\000t\000e\000d\000\040\000s\000y\000s\000t\000e\000m}{section.4}% 19
\BOOKMARK [2][-]{subsection.4.3}{\376\377\000T\000r\000a\000n\000s\000p\000a\000r\000e\000n\000c\000y\000\040\000a\000s\000\040\000a\000n\000\040\000o\000p\000e\000r\000a\000t\000i\000o\000n\000a\000l\000\040\000s\000a\000f\000e\000t\000y\000\040\000c\000o\000n\000t\000r\000o\000l}{section.4}% 20
\BOOKMARK [1][-]{section.5}{\376\377\000W\000h\000a\000t\000\040\000w\000e\000\040\000c\000a\000n\000\040\000d\000o}{}% 21
\BOOKMARK [2][-]{subsection.5.1}{\376\377\000E\000n\000g\000i\000n\000e\000e\000r\000i\000n\000g\000\040\000a\000n\000d\000\040\000t\000e\000c\000h\000n\000i\000c\000a\000l\000\040\000c\000h\000a\000n\000g\000e\000s}{section.5}% 22
\BOOKMARK [2][-]{subsection.5.2}{\376\377\000O\000r\000g\000a\000n\000i\000z\000a\000t\000i\000o\000n\000a\000l\000\040\000c\000h\000a\000n\000g\000e\000s}{section.5}% 23
\BOOKMARK [2][-]{subsection.5.3}{\376\377\000R\000e\000g\000u\000l\000a\000t\000o\000r\000y\000\040\000a\000n\000d\000\040\000i\000n\000s\000t\000i\000t\000u\000t\000i\000o\000n\000a\000l\000\040\000c\000h\000a\000n\000g\000e\000s}{section.5}% 24
\BOOKMARK [1][-]{section.6}{\376\377\000P\000r\000a\000c\000t\000i\000c\000a\000l\000\040\000c\000o\000n\000s\000t\000r\000a\000i\000n\000t\000s\000\040\000\050\000a\000n\000d\000\040\000w\000h\000y\000\040\000t\000h\000e\000y\000\040\000d\000o\000n\000'\000t\000\040\000e\000x\000c\000u\000s\000e\000\040\000p\000r\000e\000v\000e\000n\000t\000a\000b\000l\000e\000\040\000r\000i\000s\000k\000\051}{}% 25
\BOOKMARK [1][-]{section.7}{\376\377\000C\000o\000n\000c\000l\000u\000s\000i\000o\000n}{}% 26
